This file contains any messages produced by compilers while
running configure, to aid debugging if configure makes a mistake.

It was created by cpuminer-opt configure 3.8.8.5-cpu-pool, which was
generated by GNU Autoconf 2.69.  Invocation command line was

  $ ./configure --with-curl

## --------- ##
## Platform. ##
## --------- ##

hostname = Recl71zal
uname -m = x86_64
uname -r = 2.10.0(0.325/5/3)
uname -s = MINGW64_NT-6.1
uname -v = 2018-02-09 15:25

/usr/bin/uname -p = unknown
/bin/uname -X     = unknown

/bin/arch              = x86_64
/usr/bin/arch -k       = unknown
/usr/convex/getsysinfo = unknown
/usr/bin/hostinfo      = unknown
/bin/machine           = unknown
/usr/bin/oslevel       = unknown
/bin/universe          = unknown

PATH: /mingw64/bin
PATH: /usr/local/bin
PATH: /usr/bin
PATH: /bin
PATH: /c/Windows/System32
PATH: /c/Windows
PATH: /c/Windows/System32/Wbem
PATH: /c/Windows/System32/WindowsPowerShell/v1.0/
PATH: /usr/bin/site_perl
PATH: /usr/bin/vendor_perl
PATH: /usr/bin/core_perl


## ----------- ##
## Core tests. ##
## ----------- ##

configure:2255: loading site script /mingw64/etc/config.site
| # This file is in public domain.
| # Original author: Karlson2k (Evgeny Grin)
| # Written for MSys2/MinGW64 to help running 'configure' scripts
| 
| # Defaults for MinGW64-targeted programs
| 
| # Set proper selfname on bash and fallback to default name on other shells
| test -n "${BASH_SOURCE}" 2>/dev/null && config_site_me="${BASH_SOURCE[0]##*/}" || config_site_me=config.site
| 
| # Set default 'host' to speedup configure
| if test -z "$build_alias"; then
|   build_alias="${MSYSTEM_CHOST-x86_64-w64-mingw32}" && \
|     $as_echo "$config_site_me:${as_lineno-$LINENO}: default build_alias set to $build_alias" >&5 
| fi
| 
| # Set default 'prefix' to "/mingw64"
| if ( test -z "$prefix" || test "x$prefix" = "xNONE" ) && \
|    ( test -z "$exec_prefix" || test "x$exec_prefix" = "xNONE" ); then
|   prefix="${MSYSTEM_PREFIX-/mingw64}" && \
|     $as_echo "$config_site_me:${as_lineno-$LINENO}: default prefix set to $prefix" >&5
| fi
config.site:13: default build_alias set to x86_64-w64-mingw32
config.site:20: default prefix set to /mingw64
configure:2386: checking build system type
configure:2400: result: x86_64-w64-mingw32
configure:2420: checking host system type
configure:2433: result: x86_64-w64-mingw32
configure:2453: checking target system type
configure:2466: result: x86_64-w64-mingw32
configure:2514: checking for a BSD-compatible install
configure:2582: result: /usr/bin/install -c
configure:2593: checking whether build environment is sane
configure:2648: result: yes
configure:2799: checking for a thread-safe mkdir -p
configure:2838: result: /usr/bin/mkdir -p
configure:2845: checking for gawk
configure:2861: found /usr/bin/gawk
configure:2872: result: gawk
configure:2883: checking whether make sets $(MAKE)
configure:2905: result: yes
configure:2934: checking whether make supports nested variables
configure:2951: result: yes
configure:3079: checking whether to enable maintainer-specific portions of Makefiles
configure:3088: result: no
configure:3114: checking for style of include used by make
configure:3142: result: GNU
configure:3213: checking for gcc
configure:3229: found /mingw64/bin/gcc
configure:3240: result: gcc
configure:3469: checking for C compiler version
configure:3478: gcc --version >&5
gcc.exe (Rev2, Built by MSYS2 project) 7.3.0
Copyright (C) 2017 Free Software Foundation, Inc.
This is free software; see the source for copying conditions.  There is NO
warranty; not even for MERCHANTABILITY or FITNESS FOR A PARTICULAR PURPOSE.

configure:3489: $? = 0
configure:3478: gcc -v >&5
Using built-in specs.
COLLECT_GCC=C:\msys64\mingw64\bin\gcc.exe
COLLECT_LTO_WRAPPER=C:/msys64/mingw64/bin/../lib/gcc/x86_64-w64-mingw32/7.3.0/lto-wrapper.exe
Target: x86_64-w64-mingw32
Configured with: ../gcc-7.3.0/configure --prefix=/mingw64 --with-local-prefix=/mingw64/local --build=x86_64-w64-mingw32 --host=x86_64-w64-mingw32 --target=x86_64-w64-mingw32 --with-native-system-header-dir=/mingw64/x86_64-w64-mingw32/include --libexecdir=/mingw64/lib --enable-bootstrap --with-arch=x86-64 --with-tune=generic --enable-languages=c,lto,c++,objc,obj-c++,fortran,ada --enable-shared --enable-static --enable-libatomic --enable-threads=posix --enable-graphite --enable-fully-dynamic-string --enable-libstdcxx-time=yes --enable-libstdcxx-filesystem-ts=yes --disable-libstdcxx-pch --disable-libstdcxx-debug --disable-isl-version-check --enable-lto --enable-libgomp --disable-multilib --enable-checking=release --disable-rpath --disable-win32-registry --disable-nls --disable-werror --disable-symvers --with-libiconv --with-system-zlib --with-gmp=/mingw64 --with-mpfr=/mingw64 --with-mpc=/mingw64 --with-isl=/mingw64 --with-pkgversion='Rev2, Built by MSYS2 project' --with-bugurl=https://sourceforge.net/projects/msys2 --with-gnu-as --with-gnu-ld
Thread model: posix
gcc version 7.3.0 (Rev2, Built by MSYS2 project) 
configure:3489: $? = 0
configure:3478: gcc -V >&5
gcc.exe: error: unrecognized command line option '-V'
gcc.exe: fatal error: no input files
compilation terminated.
configure:3489: $? = 1
configure:3478: gcc -qversion >&5
gcc.exe: error: unrecognized command line option '-qversion'; did you mean '--version'?
gcc.exe: fatal error: no input files
compilation terminated.
configure:3489: $? = 1
configure:3509: checking whether the C compiler works
configure:3531: gcc -O3 -msse2 -Wall   conftest.c  >&5
configure:3535: $? = 0
configure:3583: result: yes
configure:3586: checking for C compiler default output file name
configure:3588: result: a.exe
configure:3594: checking for suffix of executables
configure:3601: gcc -o conftest.exe -O3 -msse2 -Wall   conftest.c  >&5
configure:3605: $? = 0
configure:3627: result: .exe
configure:3649: checking whether we are cross compiling
configure:3657: gcc -o conftest.exe -O3 -msse2 -Wall   conftest.c  >&5
configure:3661: $? = 0
configure:3668: ./conftest.exe
configure:3672: $? = 0
configure:3687: result: no
configure:3692: checking for suffix of object files
configure:3714: gcc -c -O3 -msse2 -Wall  conftest.c >&5
configure:3718: $? = 0
configure:3739: result: o
configure:3743: checking whether we are using the GNU C compiler
configure:3762: gcc -c -O3 -msse2 -Wall  conftest.c >&5
configure:3762: $? = 0
configure:3771: result: yes
configure:3780: checking whether gcc accepts -g
configure:3800: gcc -c -g  conftest.c >&5
configure:3800: $? = 0
configure:3841: result: yes
configure:3858: checking for gcc option to accept ISO C89
configure:3921: gcc  -c -O3 -msse2 -Wall  conftest.c >&5
configure:3921: $? = 0
configure:3934: result: none needed
configure:3959: checking whether gcc understands -c and -o together
configure:3981: gcc -c conftest.c -o conftest2.o
configure:3984: $? = 0
configure:3981: gcc -c conftest.c -o conftest2.o
configure:3984: $? = 0
configure:3996: result: yes
configure:4015: checking dependency style of gcc
configure:4126: result: gcc3
configure:4141: checking for gcc option to accept ISO C99
configure:4290: gcc  -c -O3 -msse2 -Wall  conftest.c >&5
conftest.c: In function 'test_varargs':
conftest.c:82:9: warning: variable 'fnumber' set but not used [-Wunused-but-set-variable]
   float fnumber;
         ^~~~~~~
conftest.c:81:7: warning: variable 'number' set but not used [-Wunused-but-set-variable]
   int number;
       ^~~~~~
conftest.c:80:15: warning: variable 'str' set but not used [-Wunused-but-set-variable]
   const char *str;
               ^~~
configure:4290: $? = 0
configure:4303: result: none needed
configure:4324: checking how to run the C preprocessor
configure:4355: gcc -E  conftest.c
configure:4355: $? = 0
configure:4369: gcc -E  conftest.c
conftest.c:11:10: fatal error: ac_nonexistent.h: No such file or directory
 #include <ac_nonexistent.h>
          ^~~~~~~~~~~~~~~~~~
compilation terminated.
configure:4369: $? = 1
configure: failed program was:
| /* confdefs.h */
| #define PACKAGE_NAME "cpuminer-opt"
| #define PACKAGE_TARNAME "cpuminer-opt"
| #define PACKAGE_VERSION "3.8.8.5-cpu-pool"
| #define PACKAGE_STRING "cpuminer-opt 3.8.8.5-cpu-pool"
| #define PACKAGE_BUGREPORT ""
| #define PACKAGE_URL ""
| #define PACKAGE "cpuminer-opt"
| #define VERSION "3.8.8.5-cpu-pool"
| /* end confdefs.h.  */
| #include <ac_nonexistent.h>
configure:4394: result: gcc -E
configure:4414: gcc -E  conftest.c
configure:4414: $? = 0
configure:4428: gcc -E  conftest.c
conftest.c:11:10: fatal error: ac_nonexistent.h: No such file or directory
 #include <ac_nonexistent.h>
          ^~~~~~~~~~~~~~~~~~
compilation terminated.
configure:4428: $? = 1
configure: failed program was:
| /* confdefs.h */
| #define PACKAGE_NAME "cpuminer-opt"
| #define PACKAGE_TARNAME "cpuminer-opt"
| #define PACKAGE_VERSION "3.8.8.5-cpu-pool"
| #define PACKAGE_STRING "cpuminer-opt 3.8.8.5-cpu-pool"
| #define PACKAGE_BUGREPORT ""
| #define PACKAGE_URL ""
| #define PACKAGE "cpuminer-opt"
| #define VERSION "3.8.8.5-cpu-pool"
| /* end confdefs.h.  */
| #include <ac_nonexistent.h>
configure:4457: checking for grep that handles long lines and -e
configure:4515: result: /usr/bin/grep
configure:4520: checking for egrep
configure:4582: result: /usr/bin/grep -E
configure:4588: checking whether gcc needs -traditional
conftest.c:11:10: fatal error: sgtty.h: No such file or directory
 #include <sgtty.h>
          ^~~~~~~~~
compilation terminated.
conftest.c:11:10: fatal error: termio.h: No such file or directory
 #include <termio.h>
          ^~~~~~~~~~
compilation terminated.
configure:4622: result: no
configure:4639: checking dependency style of gcc
configure:4748: result: gcc3
configure:4806: checking for ranlib
configure:4822: found /mingw64/bin/ranlib
configure:4833: result: ranlib
configure:4913: checking for g++
configure:4929: found /mingw64/bin/g++
configure:4940: result: g++
configure:4967: checking for C++ compiler version
configure:4976: g++ --version >&5
g++.exe (Rev2, Built by MSYS2 project) 7.3.0
Copyright (C) 2017 Free Software Foundation, Inc.
This is free software; see the source for copying conditions.  There is NO
warranty; not even for MERCHANTABILITY or FITNESS FOR A PARTICULAR PURPOSE.

configure:4987: $? = 0
configure:4976: g++ -v >&5
Using built-in specs.
COLLECT_GCC=C:\msys64\mingw64\bin\g++.exe
COLLECT_LTO_WRAPPER=C:/msys64/mingw64/bin/../lib/gcc/x86_64-w64-mingw32/7.3.0/lto-wrapper.exe
Target: x86_64-w64-mingw32
Configured with: ../gcc-7.3.0/configure --prefix=/mingw64 --with-local-prefix=/mingw64/local --build=x86_64-w64-mingw32 --host=x86_64-w64-mingw32 --target=x86_64-w64-mingw32 --with-native-system-header-dir=/mingw64/x86_64-w64-mingw32/include --libexecdir=/mingw64/lib --enable-bootstrap --with-arch=x86-64 --with-tune=generic --enable-languages=c,lto,c++,objc,obj-c++,fortran,ada --enable-shared --enable-static --enable-libatomic --enable-threads=posix --enable-graphite --enable-fully-dynamic-string --enable-libstdcxx-time=yes --enable-libstdcxx-filesystem-ts=yes --disable-libstdcxx-pch --disable-libstdcxx-debug --disable-isl-version-check --enable-lto --enable-libgomp --disable-multilib --enable-checking=release --disable-rpath --disable-win32-registry --disable-nls --disable-werror --disable-symvers --with-libiconv --with-system-zlib --with-gmp=/mingw64 --with-mpfr=/mingw64 --with-mpc=/mingw64 --with-isl=/mingw64 --with-pkgversion='Rev2, Built by MSYS2 project' --with-bugurl=https://sourceforge.net/projects/msys2 --with-gnu-as --with-gnu-ld
Thread model: posix
gcc version 7.3.0 (Rev2, Built by MSYS2 project) 
configure:4987: $? = 0
configure:4976: g++ -V >&5
g++.exe: error: unrecognized command line option '-V'
g++.exe: fatal error: no input files
compilation terminated.
configure:4987: $? = 1
configure:4976: g++ -qversion >&5
g++.exe: error: unrecognized command line option '-qversion'; did you mean '--version'?
g++.exe: fatal error: no input files
compilation terminated.
configure:4987: $? = 1
configure:4991: checking whether we are using the GNU C++ compiler
configure:5010: g++ -c   conftest.cpp >&5
configure:5010: $? = 0
configure:5019: result: yes
configure:5028: checking whether g++ accepts -g
configure:5048: g++ -c -g  conftest.cpp >&5
configure:5048: $? = 0
configure:5089: result: yes
configure:5114: checking dependency style of g++
configure:5225: result: gcc3
configure:5241: checking for ANSI C header files
configure:5261: gcc -c -O3 -msse2 -Wall  conftest.c >&5
configure:5261: $? = 0
configure:5334: gcc -o conftest.exe -O3 -msse2 -Wall   conftest.c  >&5
configure:5334: $? = 0
configure:5334: ./conftest.exe
configure:5334: $? = 0
configure:5345: result: yes
configure:5358: checking for sys/types.h
configure:5358: gcc -c -O3 -msse2 -Wall  conftest.c >&5
configure:5358: $? = 0
configure:5358: result: yes
configure:5358: checking for sys/stat.h
configure:5358: gcc -c -O3 -msse2 -Wall  conftest.c >&5
configure:5358: $? = 0
configure:5358: result: yes
configure:5358: checking for stdlib.h
configure:5358: gcc -c -O3 -msse2 -Wall  conftest.c >&5
configure:5358: $? = 0
configure:5358: result: yes
configure:5358: checking for string.h
configure:5358: gcc -c -O3 -msse2 -Wall  conftest.c >&5
configure:5358: $? = 0
configure:5358: result: yes
configure:5358: checking for memory.h
configure:5358: gcc -c -O3 -msse2 -Wall  conftest.c >&5
configure:5358: $? = 0
configure:5358: result: yes
configure:5358: checking for strings.h
configure:5358: gcc -c -O3 -msse2 -Wall  conftest.c >&5
configure:5358: $? = 0
configure:5358: result: yes
configure:5358: checking for inttypes.h
configure:5358: gcc -c -O3 -msse2 -Wall  conftest.c >&5
configure:5358: $? = 0
configure:5358: result: yes
configure:5358: checking for stdint.h
configure:5358: gcc -c -O3 -msse2 -Wall  conftest.c >&5
configure:5358: $? = 0
configure:5358: result: yes
configure:5358: checking for unistd.h
configure:5358: gcc -c -O3 -msse2 -Wall  conftest.c >&5
configure:5358: $? = 0
configure:5358: result: yes
configure:5373: checking sys/endian.h usability
configure:5373: gcc -c -O3 -msse2 -Wall  conftest.c >&5
conftest.c:54:10: fatal error: sys/endian.h: No such file or directory
 #include <sys/endian.h>
          ^~~~~~~~~~~~~~
compilation terminated.
configure:5373: $? = 1
configure: failed program was:
| /* confdefs.h */
| #define PACKAGE_NAME "cpuminer-opt"
| #define PACKAGE_TARNAME "cpuminer-opt"
| #define PACKAGE_VERSION "3.8.8.5-cpu-pool"
| #define PACKAGE_STRING "cpuminer-opt 3.8.8.5-cpu-pool"
| #define PACKAGE_BUGREPORT ""
| #define PACKAGE_URL ""
| #define PACKAGE "cpuminer-opt"
| #define VERSION "3.8.8.5-cpu-pool"
| #define STDC_HEADERS 1
| #define HAVE_SYS_TYPES_H 1
| #define HAVE_SYS_STAT_H 1
| #define HAVE_STDLIB_H 1
| #define HAVE_STRING_H 1
| #define HAVE_MEMORY_H 1
| #define HAVE_STRINGS_H 1
| #define HAVE_INTTYPES_H 1
| #define HAVE_STDINT_H 1
| #define HAVE_UNISTD_H 1
| /* end confdefs.h.  */
| #include <stdio.h>
| #ifdef HAVE_SYS_TYPES_H
| # include <sys/types.h>
| #endif
| #ifdef HAVE_SYS_STAT_H
| # include <sys/stat.h>
| #endif
| #ifdef STDC_HEADERS
| # include <stdlib.h>
| # include <stddef.h>
| #else
| # ifdef HAVE_STDLIB_H
| #  include <stdlib.h>
| # endif
| #endif
| #ifdef HAVE_STRING_H
| # if !defined STDC_HEADERS && defined HAVE_MEMORY_H
| #  include <memory.h>
| # endif
| # include <string.h>
| #endif
| #ifdef HAVE_STRINGS_H
| # include <strings.h>
| #endif
| #ifdef HAVE_INTTYPES_H
| # include <inttypes.h>
| #endif
| #ifdef HAVE_STDINT_H
| # include <stdint.h>
| #endif
| #ifdef HAVE_UNISTD_H
| # include <unistd.h>
| #endif
| #include <sys/endian.h>
configure:5373: result: no
configure:5373: checking sys/endian.h presence
configure:5373: gcc -E  conftest.c
conftest.c:21:10: fatal error: sys/endian.h: No such file or directory
 #include <sys/endian.h>
          ^~~~~~~~~~~~~~
compilation terminated.
configure:5373: $? = 1
configure: failed program was:
| /* confdefs.h */
| #define PACKAGE_NAME "cpuminer-opt"
| #define PACKAGE_TARNAME "cpuminer-opt"
| #define PACKAGE_VERSION "3.8.8.5-cpu-pool"
| #define PACKAGE_STRING "cpuminer-opt 3.8.8.5-cpu-pool"
| #define PACKAGE_BUGREPORT ""
| #define PACKAGE_URL ""
| #define PACKAGE "cpuminer-opt"
| #define VERSION "3.8.8.5-cpu-pool"
| #define STDC_HEADERS 1
| #define HAVE_SYS_TYPES_H 1
| #define HAVE_SYS_STAT_H 1
| #define HAVE_STDLIB_H 1
| #define HAVE_STRING_H 1
| #define HAVE_MEMORY_H 1
| #define HAVE_STRINGS_H 1
| #define HAVE_INTTYPES_H 1
| #define HAVE_STDINT_H 1
| #define HAVE_UNISTD_H 1
| /* end confdefs.h.  */
| #include <sys/endian.h>
configure:5373: result: no
configure:5373: checking for sys/endian.h
configure:5373: result: no
configure:5373: checking sys/param.h usability
configure:5373: gcc -c -O3 -msse2 -Wall  conftest.c >&5
configure:5373: $? = 0
configure:5373: result: yes
configure:5373: checking sys/param.h presence
configure:5373: gcc -E  conftest.c
configure:5373: $? = 0
configure:5373: result: yes
configure:5373: checking for sys/param.h
configure:5373: result: yes
configure:5373: checking syslog.h usability
configure:5373: gcc -c -O3 -msse2 -Wall  conftest.c >&5
conftest.c:55:10: fatal error: syslog.h: No such file or directory
 #include <syslog.h>
          ^~~~~~~~~~
compilation terminated.
configure:5373: $? = 1
configure: failed program was:
| /* confdefs.h */
| #define PACKAGE_NAME "cpuminer-opt"
| #define PACKAGE_TARNAME "cpuminer-opt"
| #define PACKAGE_VERSION "3.8.8.5-cpu-pool"
| #define PACKAGE_STRING "cpuminer-opt 3.8.8.5-cpu-pool"
| #define PACKAGE_BUGREPORT ""
| #define PACKAGE_URL ""
| #define PACKAGE "cpuminer-opt"
| #define VERSION "3.8.8.5-cpu-pool"
| #define STDC_HEADERS 1
| #define HAVE_SYS_TYPES_H 1
| #define HAVE_SYS_STAT_H 1
| #define HAVE_STDLIB_H 1
| #define HAVE_STRING_H 1
| #define HAVE_MEMORY_H 1
| #define HAVE_STRINGS_H 1
| #define HAVE_INTTYPES_H 1
| #define HAVE_STDINT_H 1
| #define HAVE_UNISTD_H 1
| #define HAVE_SYS_PARAM_H 1
| /* end confdefs.h.  */
| #include <stdio.h>
| #ifdef HAVE_SYS_TYPES_H
| # include <sys/types.h>
| #endif
| #ifdef HAVE_SYS_STAT_H
| # include <sys/stat.h>
| #endif
| #ifdef STDC_HEADERS
| # include <stdlib.h>
| # include <stddef.h>
| #else
| # ifdef HAVE_STDLIB_H
| #  include <stdlib.h>
| # endif
| #endif
| #ifdef HAVE_STRING_H
| # if !defined STDC_HEADERS && defined HAVE_MEMORY_H
| #  include <memory.h>
| # endif
| # include <string.h>
| #endif
| #ifdef HAVE_STRINGS_H
| # include <strings.h>
| #endif
| #ifdef HAVE_INTTYPES_H
| # include <inttypes.h>
| #endif
| #ifdef HAVE_STDINT_H
| # include <stdint.h>
| #endif
| #ifdef HAVE_UNISTD_H
| # include <unistd.h>
| #endif
| #include <syslog.h>
configure:5373: result: no
configure:5373: checking syslog.h presence
configure:5373: gcc -E  conftest.c
conftest.c:22:10: fatal error: syslog.h: No such file or directory
 #include <syslog.h>
          ^~~~~~~~~~
compilation terminated.
configure:5373: $? = 1
configure: failed program was:
| /* confdefs.h */
| #define PACKAGE_NAME "cpuminer-opt"
| #define PACKAGE_TARNAME "cpuminer-opt"
| #define PACKAGE_VERSION "3.8.8.5-cpu-pool"
| #define PACKAGE_STRING "cpuminer-opt 3.8.8.5-cpu-pool"
| #define PACKAGE_BUGREPORT ""
| #define PACKAGE_URL ""
| #define PACKAGE "cpuminer-opt"
| #define VERSION "3.8.8.5-cpu-pool"
| #define STDC_HEADERS 1
| #define HAVE_SYS_TYPES_H 1
| #define HAVE_SYS_STAT_H 1
| #define HAVE_STDLIB_H 1
| #define HAVE_STRING_H 1
| #define HAVE_MEMORY_H 1
| #define HAVE_STRINGS_H 1
| #define HAVE_INTTYPES_H 1
| #define HAVE_STDINT_H 1
| #define HAVE_UNISTD_H 1
| #define HAVE_SYS_PARAM_H 1
| /* end confdefs.h.  */
| #include <syslog.h>
configure:5373: result: no
configure:5373: checking for syslog.h
configure:5373: result: no
configure:5387: checking for sys/sysctl.h
configure:5387: gcc -c -O3 -msse2 -Wall  conftest.c >&5
conftest.c:28:10: fatal error: sys/sysctl.h: No such file or directory
 #include <sys/sysctl.h>
          ^~~~~~~~~~~~~~
compilation terminated.
configure:5387: $? = 1
configure: failed program was:
| /* confdefs.h */
| #define PACKAGE_NAME "cpuminer-opt"
| #define PACKAGE_TARNAME "cpuminer-opt"
| #define PACKAGE_VERSION "3.8.8.5-cpu-pool"
| #define PACKAGE_STRING "cpuminer-opt 3.8.8.5-cpu-pool"
| #define PACKAGE_BUGREPORT ""
| #define PACKAGE_URL ""
| #define PACKAGE "cpuminer-opt"
| #define VERSION "3.8.8.5-cpu-pool"
| #define STDC_HEADERS 1
| #define HAVE_SYS_TYPES_H 1
| #define HAVE_SYS_STAT_H 1
| #define HAVE_STDLIB_H 1
| #define HAVE_STRING_H 1
| #define HAVE_MEMORY_H 1
| #define HAVE_STRINGS_H 1
| #define HAVE_INTTYPES_H 1
| #define HAVE_STDINT_H 1
| #define HAVE_UNISTD_H 1
| #define HAVE_SYS_PARAM_H 1
| /* end confdefs.h.  */
| #include <sys/types.h>
| #ifdef HAVE_SYS_PARAM_H
| #include <sys/param.h>
| #endif
| 
| 
| #include <sys/sysctl.h>
configure:5387: result: no
configure:5403: checking whether be32dec is declared
configure:5403: gcc -c -O3 -msse2 -Wall  conftest.c >&5
conftest.c: In function 'main':
conftest.c:67:10: error: 'be32dec' undeclared (first use in this function)
   (void) be32dec;
          ^~~~~~~
conftest.c:67:10: note: each undeclared identifier is reported only once for each function it appears in
configure:5403: $? = 1
configure: failed program was:
| /* confdefs.h */
| #define PACKAGE_NAME "cpuminer-opt"
| #define PACKAGE_TARNAME "cpuminer-opt"
| #define PACKAGE_VERSION "3.8.8.5-cpu-pool"
| #define PACKAGE_STRING "cpuminer-opt 3.8.8.5-cpu-pool"
| #define PACKAGE_BUGREPORT ""
| #define PACKAGE_URL ""
| #define PACKAGE "cpuminer-opt"
| #define VERSION "3.8.8.5-cpu-pool"
| #define STDC_HEADERS 1
| #define HAVE_SYS_TYPES_H 1
| #define HAVE_SYS_STAT_H 1
| #define HAVE_STDLIB_H 1
| #define HAVE_STRING_H 1
| #define HAVE_MEMORY_H 1
| #define HAVE_STRINGS_H 1
| #define HAVE_INTTYPES_H 1
| #define HAVE_STDINT_H 1
| #define HAVE_UNISTD_H 1
| #define HAVE_SYS_PARAM_H 1
| /* end confdefs.h.  */
| #include <stdio.h>
| #ifdef HAVE_SYS_TYPES_H
| # include <sys/types.h>
| #endif
| #ifdef HAVE_SYS_STAT_H
| # include <sys/stat.h>
| #endif
| #ifdef STDC_HEADERS
| # include <stdlib.h>
| # include <stddef.h>
| #else
| # ifdef HAVE_STDLIB_H
| #  include <stdlib.h>
| # endif
| #endif
| #ifdef HAVE_STRING_H
| # if !defined STDC_HEADERS && defined HAVE_MEMORY_H
| #  include <memory.h>
| # endif
| # include <string.h>
| #endif
| #ifdef HAVE_STRINGS_H
| # include <strings.h>
| #endif
| #ifdef HAVE_INTTYPES_H
| # include <inttypes.h>
| #endif
| #ifdef HAVE_STDINT_H
| # include <stdint.h>
| #endif
| #ifdef HAVE_UNISTD_H
| # include <unistd.h>
| #endif
| #ifdef HAVE_SYS_ENDIAN_H
| #include <sys/endian.h>
| #endif
| 
| 
| int
| main ()
| {
| #ifndef be32dec
| #ifdef __cplusplus
|   (void) be32dec;
| #else
|   (void) be32dec;
| #endif
| #endif
| 
|   ;
|   return 0;
| }
configure:5403: result: no
configure:5418: checking whether le32dec is declared
configure:5418: gcc -c -O3 -msse2 -Wall  conftest.c >&5
conftest.c: In function 'main':
conftest.c:68:10: error: 'le32dec' undeclared (first use in this function)
   (void) le32dec;
          ^~~~~~~
conftest.c:68:10: note: each undeclared identifier is reported only once for each function it appears in
configure:5418: $? = 1
configure: failed program was:
| /* confdefs.h */
| #define PACKAGE_NAME "cpuminer-opt"
| #define PACKAGE_TARNAME "cpuminer-opt"
| #define PACKAGE_VERSION "3.8.8.5-cpu-pool"
| #define PACKAGE_STRING "cpuminer-opt 3.8.8.5-cpu-pool"
| #define PACKAGE_BUGREPORT ""
| #define PACKAGE_URL ""
| #define PACKAGE "cpuminer-opt"
| #define VERSION "3.8.8.5-cpu-pool"
| #define STDC_HEADERS 1
| #define HAVE_SYS_TYPES_H 1
| #define HAVE_SYS_STAT_H 1
| #define HAVE_STDLIB_H 1
| #define HAVE_STRING_H 1
| #define HAVE_MEMORY_H 1
| #define HAVE_STRINGS_H 1
| #define HAVE_INTTYPES_H 1
| #define HAVE_STDINT_H 1
| #define HAVE_UNISTD_H 1
| #define HAVE_SYS_PARAM_H 1
| #define HAVE_DECL_BE32DEC 0
| /* end confdefs.h.  */
| #include <stdio.h>
| #ifdef HAVE_SYS_TYPES_H
| # include <sys/types.h>
| #endif
| #ifdef HAVE_SYS_STAT_H
| # include <sys/stat.h>
| #endif
| #ifdef STDC_HEADERS
| # include <stdlib.h>
| # include <stddef.h>
| #else
| # ifdef HAVE_STDLIB_H
| #  include <stdlib.h>
| # endif
| #endif
| #ifdef HAVE_STRING_H
| # if !defined STDC_HEADERS && defined HAVE_MEMORY_H
| #  include <memory.h>
| # endif
| # include <string.h>
| #endif
| #ifdef HAVE_STRINGS_H
| # include <strings.h>
| #endif
| #ifdef HAVE_INTTYPES_H
| # include <inttypes.h>
| #endif
| #ifdef HAVE_STDINT_H
| # include <stdint.h>
| #endif
| #ifdef HAVE_UNISTD_H
| # include <unistd.h>
| #endif
| #ifdef HAVE_SYS_ENDIAN_H
| #include <sys/endian.h>
| #endif
| 
| 
| int
| main ()
| {
| #ifndef le32dec
| #ifdef __cplusplus
|   (void) le32dec;
| #else
|   (void) le32dec;
| #endif
| #endif
| 
|   ;
|   return 0;
| }
configure:5418: result: no
configure:5433: checking whether be32enc is declared
configure:5433: gcc -c -O3 -msse2 -Wall  conftest.c >&5
conftest.c: In function 'main':
conftest.c:69:10: error: 'be32enc' undeclared (first use in this function)
   (void) be32enc;
          ^~~~~~~
conftest.c:69:10: note: each undeclared identifier is reported only once for each function it appears in
configure:5433: $? = 1
configure: failed program was:
| /* confdefs.h */
| #define PACKAGE_NAME "cpuminer-opt"
| #define PACKAGE_TARNAME "cpuminer-opt"
| #define PACKAGE_VERSION "3.8.8.5-cpu-pool"
| #define PACKAGE_STRING "cpuminer-opt 3.8.8.5-cpu-pool"
| #define PACKAGE_BUGREPORT ""
| #define PACKAGE_URL ""
| #define PACKAGE "cpuminer-opt"
| #define VERSION "3.8.8.5-cpu-pool"
| #define STDC_HEADERS 1
| #define HAVE_SYS_TYPES_H 1
| #define HAVE_SYS_STAT_H 1
| #define HAVE_STDLIB_H 1
| #define HAVE_STRING_H 1
| #define HAVE_MEMORY_H 1
| #define HAVE_STRINGS_H 1
| #define HAVE_INTTYPES_H 1
| #define HAVE_STDINT_H 1
| #define HAVE_UNISTD_H 1
| #define HAVE_SYS_PARAM_H 1
| #define HAVE_DECL_BE32DEC 0
| #define HAVE_DECL_LE32DEC 0
| /* end confdefs.h.  */
| #include <stdio.h>
| #ifdef HAVE_SYS_TYPES_H
| # include <sys/types.h>
| #endif
| #ifdef HAVE_SYS_STAT_H
| # include <sys/stat.h>
| #endif
| #ifdef STDC_HEADERS
| # include <stdlib.h>
| # include <stddef.h>
| #else
| # ifdef HAVE_STDLIB_H
| #  include <stdlib.h>
| # endif
| #endif
| #ifdef HAVE_STRING_H
| # if !defined STDC_HEADERS && defined HAVE_MEMORY_H
| #  include <memory.h>
| # endif
| # include <string.h>
| #endif
| #ifdef HAVE_STRINGS_H
| # include <strings.h>
| #endif
| #ifdef HAVE_INTTYPES_H
| # include <inttypes.h>
| #endif
| #ifdef HAVE_STDINT_H
| # include <stdint.h>
| #endif
| #ifdef HAVE_UNISTD_H
| # include <unistd.h>
| #endif
| #ifdef HAVE_SYS_ENDIAN_H
| #include <sys/endian.h>
| #endif
| 
| 
| int
| main ()
| {
| #ifndef be32enc
| #ifdef __cplusplus
|   (void) be32enc;
| #else
|   (void) be32enc;
| #endif
| #endif
| 
|   ;
|   return 0;
| }
configure:5433: result: no
configure:5448: checking whether le32enc is declared
configure:5448: gcc -c -O3 -msse2 -Wall  conftest.c >&5
conftest.c: In function 'main':
conftest.c:70:10: error: 'le32enc' undeclared (first use in this function)
   (void) le32enc;
          ^~~~~~~
conftest.c:70:10: note: each undeclared identifier is reported only once for each function it appears in
configure:5448: $? = 1
configure: failed program was:
| /* confdefs.h */
| #define PACKAGE_NAME "cpuminer-opt"
| #define PACKAGE_TARNAME "cpuminer-opt"
| #define PACKAGE_VERSION "3.8.8.5-cpu-pool"
| #define PACKAGE_STRING "cpuminer-opt 3.8.8.5-cpu-pool"
| #define PACKAGE_BUGREPORT ""
| #define PACKAGE_URL ""
| #define PACKAGE "cpuminer-opt"
| #define VERSION "3.8.8.5-cpu-pool"
| #define STDC_HEADERS 1
| #define HAVE_SYS_TYPES_H 1
| #define HAVE_SYS_STAT_H 1
| #define HAVE_STDLIB_H 1
| #define HAVE_STRING_H 1
| #define HAVE_MEMORY_H 1
| #define HAVE_STRINGS_H 1
| #define HAVE_INTTYPES_H 1
| #define HAVE_STDINT_H 1
| #define HAVE_UNISTD_H 1
| #define HAVE_SYS_PARAM_H 1
| #define HAVE_DECL_BE32DEC 0
| #define HAVE_DECL_LE32DEC 0
| #define HAVE_DECL_BE32ENC 0
| /* end confdefs.h.  */
| #include <stdio.h>
| #ifdef HAVE_SYS_TYPES_H
| # include <sys/types.h>
| #endif
| #ifdef HAVE_SYS_STAT_H
| # include <sys/stat.h>
| #endif
| #ifdef STDC_HEADERS
| # include <stdlib.h>
| # include <stddef.h>
| #else
| # ifdef HAVE_STDLIB_H
| #  include <stdlib.h>
| # endif
| #endif
| #ifdef HAVE_STRING_H
| # if !defined STDC_HEADERS && defined HAVE_MEMORY_H
| #  include <memory.h>
| # endif
| # include <string.h>
| #endif
| #ifdef HAVE_STRINGS_H
| # include <strings.h>
| #endif
| #ifdef HAVE_INTTYPES_H
| # include <inttypes.h>
| #endif
| #ifdef HAVE_STDINT_H
| # include <stdint.h>
| #endif
| #ifdef HAVE_UNISTD_H
| # include <unistd.h>
| #endif
| #ifdef HAVE_SYS_ENDIAN_H
| #include <sys/endian.h>
| #endif
| 
| 
| int
| main ()
| {
| #ifndef le32enc
| #ifdef __cplusplus
|   (void) le32enc;
| #else
|   (void) le32enc;
| #endif
| #endif
| 
|   ;
|   return 0;
| }
configure:5448: result: no
configure:5463: checking whether le16dec is declared
configure:5463: gcc -c -O3 -msse2 -Wall  conftest.c >&5
conftest.c: In function 'main':
conftest.c:71:10: error: 'le16dec' undeclared (first use in this function)
   (void) le16dec;
          ^~~~~~~
conftest.c:71:10: note: each undeclared identifier is reported only once for each function it appears in
configure:5463: $? = 1
configure: failed program was:
| /* confdefs.h */
| #define PACKAGE_NAME "cpuminer-opt"
| #define PACKAGE_TARNAME "cpuminer-opt"
| #define PACKAGE_VERSION "3.8.8.5-cpu-pool"
| #define PACKAGE_STRING "cpuminer-opt 3.8.8.5-cpu-pool"
| #define PACKAGE_BUGREPORT ""
| #define PACKAGE_URL ""
| #define PACKAGE "cpuminer-opt"
| #define VERSION "3.8.8.5-cpu-pool"
| #define STDC_HEADERS 1
| #define HAVE_SYS_TYPES_H 1
| #define HAVE_SYS_STAT_H 1
| #define HAVE_STDLIB_H 1
| #define HAVE_STRING_H 1
| #define HAVE_MEMORY_H 1
| #define HAVE_STRINGS_H 1
| #define HAVE_INTTYPES_H 1
| #define HAVE_STDINT_H 1
| #define HAVE_UNISTD_H 1
| #define HAVE_SYS_PARAM_H 1
| #define HAVE_DECL_BE32DEC 0
| #define HAVE_DECL_LE32DEC 0
| #define HAVE_DECL_BE32ENC 0
| #define HAVE_DECL_LE32ENC 0
| /* end confdefs.h.  */
| #include <stdio.h>
| #ifdef HAVE_SYS_TYPES_H
| # include <sys/types.h>
| #endif
| #ifdef HAVE_SYS_STAT_H
| # include <sys/stat.h>
| #endif
| #ifdef STDC_HEADERS
| # include <stdlib.h>
| # include <stddef.h>
| #else
| # ifdef HAVE_STDLIB_H
| #  include <stdlib.h>
| # endif
| #endif
| #ifdef HAVE_STRING_H
| # if !defined STDC_HEADERS && defined HAVE_MEMORY_H
| #  include <memory.h>
| # endif
| # include <string.h>
| #endif
| #ifdef HAVE_STRINGS_H
| # include <strings.h>
| #endif
| #ifdef HAVE_INTTYPES_H
| # include <inttypes.h>
| #endif
| #ifdef HAVE_STDINT_H
| # include <stdint.h>
| #endif
| #ifdef HAVE_UNISTD_H
| # include <unistd.h>
| #endif
| #ifdef HAVE_SYS_ENDIAN_H
| #include <sys/endian.h>
| #endif
| 
| 
| int
| main ()
| {
| #ifndef le16dec
| #ifdef __cplusplus
|   (void) le16dec;
| #else
|   (void) le16dec;
| #endif
| #endif
| 
|   ;
|   return 0;
| }
configure:5463: result: no
configure:5478: checking whether le16enc is declared
configure:5478: gcc -c -O3 -msse2 -Wall  conftest.c >&5
conftest.c: In function 'main':
conftest.c:72:10: error: 'le16enc' undeclared (first use in this function)
   (void) le16enc;
          ^~~~~~~
conftest.c:72:10: note: each undeclared identifier is reported only once for each function it appears in
configure:5478: $? = 1
configure: failed program was:
| /* confdefs.h */
| #define PACKAGE_NAME "cpuminer-opt"
| #define PACKAGE_TARNAME "cpuminer-opt"
| #define PACKAGE_VERSION "3.8.8.5-cpu-pool"
| #define PACKAGE_STRING "cpuminer-opt 3.8.8.5-cpu-pool"
| #define PACKAGE_BUGREPORT ""
| #define PACKAGE_URL ""
| #define PACKAGE "cpuminer-opt"
| #define VERSION "3.8.8.5-cpu-pool"
| #define STDC_HEADERS 1
| #define HAVE_SYS_TYPES_H 1
| #define HAVE_SYS_STAT_H 1
| #define HAVE_STDLIB_H 1
| #define HAVE_STRING_H 1
| #define HAVE_MEMORY_H 1
| #define HAVE_STRINGS_H 1
| #define HAVE_INTTYPES_H 1
| #define HAVE_STDINT_H 1
| #define HAVE_UNISTD_H 1
| #define HAVE_SYS_PARAM_H 1
| #define HAVE_DECL_BE32DEC 0
| #define HAVE_DECL_LE32DEC 0
| #define HAVE_DECL_BE32ENC 0
| #define HAVE_DECL_LE32ENC 0
| #define HAVE_DECL_LE16DEC 0
| /* end confdefs.h.  */
| #include <stdio.h>
| #ifdef HAVE_SYS_TYPES_H
| # include <sys/types.h>
| #endif
| #ifdef HAVE_SYS_STAT_H
| # include <sys/stat.h>
| #endif
| #ifdef STDC_HEADERS
| # include <stdlib.h>
| # include <stddef.h>
| #else
| # ifdef HAVE_STDLIB_H
| #  include <stdlib.h>
| # endif
| #endif
| #ifdef HAVE_STRING_H
| # if !defined STDC_HEADERS && defined HAVE_MEMORY_H
| #  include <memory.h>
| # endif
| # include <string.h>
| #endif
| #ifdef HAVE_STRINGS_H
| # include <strings.h>
| #endif
| #ifdef HAVE_INTTYPES_H
| # include <inttypes.h>
| #endif
| #ifdef HAVE_STDINT_H
| # include <stdint.h>
| #endif
| #ifdef HAVE_UNISTD_H
| # include <unistd.h>
| #endif
| #ifdef HAVE_SYS_ENDIAN_H
| #include <sys/endian.h>
| #endif
| 
| 
| int
| main ()
| {
| #ifndef le16enc
| #ifdef __cplusplus
|   (void) le16enc;
| #else
|   (void) le16enc;
| #endif
| #endif
| 
|   ;
|   return 0;
| }
configure:5478: result: no
configure:5495: checking for size_t
configure:5495: gcc -c -O3 -msse2 -Wall  conftest.c >&5
configure:5495: $? = 0
configure:5495: gcc -c -O3 -msse2 -Wall  conftest.c >&5
conftest.c: In function 'main':
conftest.c:64:21: error: expected expression before ')' token
 if (sizeof ((size_t)))
                     ^
configure:5495: $? = 1
configure: failed program was:
| /* confdefs.h */
| #define PACKAGE_NAME "cpuminer-opt"
| #define PACKAGE_TARNAME "cpuminer-opt"
| #define PACKAGE_VERSION "3.8.8.5-cpu-pool"
| #define PACKAGE_STRING "cpuminer-opt 3.8.8.5-cpu-pool"
| #define PACKAGE_BUGREPORT ""
| #define PACKAGE_URL ""
| #define PACKAGE "cpuminer-opt"
| #define VERSION "3.8.8.5-cpu-pool"
| #define STDC_HEADERS 1
| #define HAVE_SYS_TYPES_H 1
| #define HAVE_SYS_STAT_H 1
| #define HAVE_STDLIB_H 1
| #define HAVE_STRING_H 1
| #define HAVE_MEMORY_H 1
| #define HAVE_STRINGS_H 1
| #define HAVE_INTTYPES_H 1
| #define HAVE_STDINT_H 1
| #define HAVE_UNISTD_H 1
| #define HAVE_SYS_PARAM_H 1
| #define HAVE_DECL_BE32DEC 0
| #define HAVE_DECL_LE32DEC 0
| #define HAVE_DECL_BE32ENC 0
| #define HAVE_DECL_LE32ENC 0
| #define HAVE_DECL_LE16DEC 0
| #define HAVE_DECL_LE16ENC 0
| /* end confdefs.h.  */
| #include <stdio.h>
| #ifdef HAVE_SYS_TYPES_H
| # include <sys/types.h>
| #endif
| #ifdef HAVE_SYS_STAT_H
| # include <sys/stat.h>
| #endif
| #ifdef STDC_HEADERS
| # include <stdlib.h>
| # include <stddef.h>
| #else
| # ifdef HAVE_STDLIB_H
| #  include <stdlib.h>
| # endif
| #endif
| #ifdef HAVE_STRING_H
| # if !defined STDC_HEADERS && defined HAVE_MEMORY_H
| #  include <memory.h>
| # endif
| # include <string.h>
| #endif
| #ifdef HAVE_STRINGS_H
| # include <strings.h>
| #endif
| #ifdef HAVE_INTTYPES_H
| # include <inttypes.h>
| #endif
| #ifdef HAVE_STDINT_H
| # include <stdint.h>
| #endif
| #ifdef HAVE_UNISTD_H
| # include <unistd.h>
| #endif
| int
| main ()
| {
| if (sizeof ((size_t)))
| 	    return 0;
|   ;
|   return 0;
| }
configure:5495: result: yes
configure:5508: checking for working alloca.h
configure:5525: gcc -o conftest.exe -O3 -msse2 -Wall   conftest.c  >&5
conftest.c:28:10: fatal error: alloca.h: No such file or directory
 #include <alloca.h>
          ^~~~~~~~~~
compilation terminated.
configure:5525: $? = 1
configure: failed program was:
| /* confdefs.h */
| #define PACKAGE_NAME "cpuminer-opt"
| #define PACKAGE_TARNAME "cpuminer-opt"
| #define PACKAGE_VERSION "3.8.8.5-cpu-pool"
| #define PACKAGE_STRING "cpuminer-opt 3.8.8.5-cpu-pool"
| #define PACKAGE_BUGREPORT ""
| #define PACKAGE_URL ""
| #define PACKAGE "cpuminer-opt"
| #define VERSION "3.8.8.5-cpu-pool"
| #define STDC_HEADERS 1
| #define HAVE_SYS_TYPES_H 1
| #define HAVE_SYS_STAT_H 1
| #define HAVE_STDLIB_H 1
| #define HAVE_STRING_H 1
| #define HAVE_MEMORY_H 1
| #define HAVE_STRINGS_H 1
| #define HAVE_INTTYPES_H 1
| #define HAVE_STDINT_H 1
| #define HAVE_UNISTD_H 1
| #define HAVE_SYS_PARAM_H 1
| #define HAVE_DECL_BE32DEC 0
| #define HAVE_DECL_LE32DEC 0
| #define HAVE_DECL_BE32ENC 0
| #define HAVE_DECL_LE32ENC 0
| #define HAVE_DECL_LE16DEC 0
| #define HAVE_DECL_LE16ENC 0
| /* end confdefs.h.  */
| #include <alloca.h>
| int
| main ()
| {
| char *p = (char *) alloca (2 * sizeof (int));
| 			  if (p) return 0;
|   ;
|   return 0;
| }
configure:5533: result: no
configure:5541: checking for alloca
configure:5578: gcc -o conftest.exe -O3 -msse2 -Wall   conftest.c  >&5
configure:5578: $? = 0
configure:5586: result: yes
configure:5694: checking for getopt_long
configure:5694: gcc -o conftest.exe -O3 -msse2 -Wall   conftest.c  >&5
configure:5694: $? = 0
configure:5694: result: yes
configure:5745: checking whether we can compile AVX code
configure:5758: gcc -c -Icompat/pthreads -O3 -msse2 -Wall  conftest.c >&5
configure:5758: $? = 0
configure:5762: result: yes
configure:5764: checking whether we can compile XOP code
configure:5777: gcc -c -Icompat/pthreads -O3 -msse2 -Wall  conftest.c >&5
configure:5777: $? = 0
configure:5781: result: yes
configure:5792: checking whether we can compile AVX2 code
configure:5805: gcc -c -Icompat/pthreads -O3 -msse2 -Wall  conftest.c >&5
configure:5805: $? = 0
configure:5809: result: yes
configure:5831: checking for json_loads in -ljansson
configure:5856: gcc -o conftest.exe -Icompat/pthreads -O3 -msse2 -Wall   conftest.c -ljansson   >&5
configure:5856: $? = 0
configure:5865: result: yes
configure:5877: checking for pthread_create in -lpthread
configure:5902: gcc -o conftest.exe -Icompat/pthreads -O3 -msse2 -Wall   conftest.c -lpthread   >&5
configure:5902: $? = 0
configure:5911: result: yes
configure:5963: checking whether __uint128_t is supported
configure:5976: gcc -c -Icompat/pthreads -O3 -msse2 -Wall  conftest.c >&5
conftest.c:34:20: warning: 'i' defined but not used [-Wunused-variable]
 static __uint128_t i = 100;
                    ^
configure:5976: $? = 0
configure:5980: result: yes
configure:6220: checking that generated files are newer than configure
configure:6226: result: done
configure:6289: creating ./config.status

## ---------------------- ##
## Running config.status. ##
## ---------------------- ##

This file was extended by cpuminer-opt config.status 3.8.8.5-cpu-pool, which was
generated by GNU Autoconf 2.69.  Invocation command line was

  CONFIG_FILES    = 
  CONFIG_HEADERS  = 
  CONFIG_LINKS    = 
  CONFIG_COMMANDS = 
  $ ./config.status 

on Recl71zal

config.status:917: creating Makefile
config.status:917: creating compat/Makefile
config.status:917: creating compat/jansson/Makefile
config.status:917: creating cpuminer-config.h
config.status:1098: cpuminer-config.h is unchanged
config.status:1146: executing depfiles commands

## ---------------- ##
## Cache variables. ##
## ---------------- ##

ac_cv_build=x86_64-w64-mingw32
ac_cv_c_compiler_gnu=yes
ac_cv_cxx_compiler_gnu=yes
ac_cv_env_CCASFLAGS_set=
ac_cv_env_CCASFLAGS_value=
ac_cv_env_CCAS_set=
ac_cv_env_CCAS_value=
ac_cv_env_CCC_set=
ac_cv_env_CCC_value=
ac_cv_env_CC_set=
ac_cv_env_CC_value=
ac_cv_env_CFLAGS_set=set
ac_cv_env_CFLAGS_value='-O3 -msse2 -Wall'
ac_cv_env_CPPFLAGS_set=
ac_cv_env_CPPFLAGS_value=
ac_cv_env_CPP_set=
ac_cv_env_CPP_value=
ac_cv_env_CXXFLAGS_set=
ac_cv_env_CXXFLAGS_value=
ac_cv_env_CXX_set=
ac_cv_env_CXX_value=
ac_cv_env_LDFLAGS_set=
ac_cv_env_LDFLAGS_value=
ac_cv_env_LIBS_set=
ac_cv_env_LIBS_value=
ac_cv_env_build_alias_set=
ac_cv_env_build_alias_value=
ac_cv_env_host_alias_set=
ac_cv_env_host_alias_value=
ac_cv_env_target_alias_set=
ac_cv_env_target_alias_value=
ac_cv_exeext=.exe
ac_cv_func_alloca_works=yes
ac_cv_func_getopt_long=yes
ac_cv_have_decl_be32dec=no
ac_cv_have_decl_be32enc=no
ac_cv_have_decl_le16dec=no
ac_cv_have_decl_le16enc=no
ac_cv_have_decl_le32dec=no
ac_cv_have_decl_le32enc=no
ac_cv_header_inttypes_h=yes
ac_cv_header_memory_h=yes
ac_cv_header_stdc=yes
ac_cv_header_stdint_h=yes
ac_cv_header_stdlib_h=yes
ac_cv_header_string_h=yes
ac_cv_header_strings_h=yes
ac_cv_header_sys_endian_h=no
ac_cv_header_sys_param_h=yes
ac_cv_header_sys_stat_h=yes
ac_cv_header_sys_sysctl_h=no
ac_cv_header_sys_types_h=yes
ac_cv_header_syslog_h=no
ac_cv_header_unistd_h=yes
ac_cv_host=x86_64-w64-mingw32
ac_cv_lib_jansson_json_loads=yes
ac_cv_lib_pthread_pthread_create=yes
ac_cv_objext=o
ac_cv_path_EGREP='/usr/bin/grep -E'
ac_cv_path_GREP=/usr/bin/grep
ac_cv_path_install='/usr/bin/install -c'
ac_cv_path_mkdir=/usr/bin/mkdir
ac_cv_prog_AWK=gawk
ac_cv_prog_CPP='gcc -E'
ac_cv_prog_ac_ct_CC=gcc
ac_cv_prog_ac_ct_CXX=g++
ac_cv_prog_ac_ct_RANLIB=ranlib
ac_cv_prog_cc_c89=
ac_cv_prog_cc_c99=
ac_cv_prog_cc_g=yes
ac_cv_prog_cxx_g=yes
ac_cv_prog_gcc_traditional=no
ac_cv_prog_make_make_set=yes
ac_cv_target=x86_64-w64-mingw32
ac_cv_type_size_t=yes
ac_cv_working_alloca_h=no
am_cv_CCAS_dependencies_compiler_type=gcc3
am_cv_CC_dependencies_compiler_type=gcc3
am_cv_CXX_dependencies_compiler_type=gcc3
am_cv_make_support_nested_variables=yes
am_cv_prog_cc_c_o=yes

## ----------------- ##
## Output variables. ##
## ----------------- ##

ACLOCAL='${SHELL} /home/555/miner-cpupower/missing aclocal-1.15'
ALLOCA=''
AMDEPBACKSLASH='\'
AMDEP_FALSE='#'
AMDEP_TRUE=''
AMTAR='$${TAR-tar}'
AM_BACKSLASH='\'
AM_DEFAULT_V='$(AM_DEFAULT_VERBOSITY)'
AM_DEFAULT_VERBOSITY='1'
AM_V='$(V)'
ARCH_ARM_FALSE=''
ARCH_ARM_TRUE='#'
ARCH_x86_64_FALSE='#'
ARCH_x86_64_TRUE=''
ARCH_x86_FALSE=''
ARCH_x86_TRUE='#'
AUTOCONF='${SHELL} /home/555/miner-cpupower/missing autoconf'
AUTOHEADER='${SHELL} /home/555/miner-cpupower/missing autoheader'
AUTOMAKE='${SHELL} /home/555/miner-cpupower/missing automake-1.15'
AWK='gawk'
CC='gcc'
CCAS='gcc'
CCASDEPMODE='depmode=gcc3'
CCASFLAGS='-O3 -msse2 -Wall'
CCDEPMODE='depmode=gcc3'
CFLAGS='-Icompat/pthreads -O3 -msse2 -Wall  -Iyes/include'
CPP='gcc -E'
CPPFLAGS='  -Iyes/include'
CXX='g++'
CXXDEPMODE='depmode=gcc3'
CXXFLAGS='-g -O2'
CYGPATH_W='cygpath -w'
DEFS='-DHAVE_CONFIG_H'
DEPDIR='.deps'
ECHO_C=''
ECHO_N='-n'
ECHO_T=''
EGREP='/usr/bin/grep -E'
EXEEXT='.exe'
GREP='/usr/bin/grep'
HAVE_WINDOWS_FALSE='#'
HAVE_WINDOWS_TRUE=''
INSTALL_DATA='${INSTALL} -m 644'
INSTALL_PROGRAM='${INSTALL}'
INSTALL_SCRIPT='${INSTALL}'
INSTALL_STRIP_PROGRAM='$(install_sh) -c -s'
JANSSON_LIBS='-ljansson'
LDFLAGS='-Lcompat/pthreads/x64  -Lyes/lib '
LIBCURL='-lcurl -lz'
LIBCURL_CFLAGS=' -Iyes/include'
LIBCURL_CPPFLAGS=' -Iyes/include'
LIBOBJS=''
LIBS=''
LTLIBOBJS=''
MAINT='#'
MAINTAINER_MODE_FALSE=''
MAINTAINER_MODE_TRUE='#'
MAKEINFO='${SHELL} /home/555/miner-cpupower/missing makeinfo'
MINGW_FALSE='#'
MINGW_TRUE=''
MKDIR_P='/usr/bin/mkdir -p'
OBJEXT='o'
PACKAGE='cpuminer-opt'
PACKAGE_BUGREPORT=''
PACKAGE_NAME='cpuminer-opt'
PACKAGE_STRING='cpuminer-opt 3.8.8.5-cpu-pool'
PACKAGE_TARNAME='cpuminer-opt'
PACKAGE_URL=''
PACKAGE_VERSION='3.8.8.5-cpu-pool'
PATH_SEPARATOR=':'
PTHREAD_FLAGS=''
PTHREAD_LIBS='-lpthreadGC2'
RANLIB='ranlib'
SET_MAKE=''
SHELL='/bin/sh'
STRIP=''
USE_ASM_FALSE='#'
USE_ASM_TRUE=''
VERSION='3.8.8.5-cpu-pool'
WANT_JANSSON_FALSE=''
WANT_JANSSON_TRUE='#'
WS2_LIBS='-L/mingw/x86_64-w64-mingw32/lib -lws2_32'
ac_ct_CC='gcc'
ac_ct_CXX='g++'
am__EXEEXT_FALSE='#'
am__EXEEXT_TRUE=''
am__fastdepCCAS_FALSE='#'
am__fastdepCCAS_TRUE=''
am__fastdepCC_FALSE='#'
am__fastdepCC_TRUE=''
am__fastdepCXX_FALSE='#'
am__fastdepCXX_TRUE=''
am__include='include'
am__isrc=''
am__leading_dot='.'
am__nodep='_no'
am__quote=''
am__tar='$${TAR-tar} chof - "$$tardir"'
am__untar='$${TAR-tar} xf -'
bindir='${exec_prefix}/bin'
build='x86_64-w64-mingw32'
build_alias='x86_64-w64-mingw32'
build_cpu='x86_64'
build_os='mingw32'
build_vendor='w64'
datadir='${datarootdir}'
datarootdir='${prefix}/share'
docdir='${datarootdir}/doc/${PACKAGE_TARNAME}'
dvidir='${docdir}'
exec_prefix='${prefix}'
host='x86_64-w64-mingw32'
host_alias=''
host_cpu='x86_64'
host_os='mingw32'
host_vendor='w64'
htmldir='${docdir}'
includedir='${prefix}/include'
infodir='${datarootdir}/info'
install_sh='${SHELL} /home/555/miner-cpupower/install-sh'
libdir='${exec_prefix}/lib'
libexecdir='${exec_prefix}/libexec'
localedir='${datarootdir}/locale'
localstatedir='${prefix}/var'
mandir='${datarootdir}/man'
mkdir_p='$(MKDIR_P)'
oldincludedir='/usr/include'
pdfdir='${docdir}'
prefix='/mingw64'
program_transform_name='s,x,x,'
psdir='${docdir}'
sbindir='${exec_prefix}/sbin'
sharedstatedir='${prefix}/com'
sysconfdir='${prefix}/etc'
target='x86_64-w64-mingw32'
target_alias=''
target_cpu='x86_64'
target_os='mingw32'
target_vendor='w64'

## ----------- ##
## confdefs.h. ##
## ----------- ##

/* confdefs.h */
#define PACKAGE_NAME "cpuminer-opt"
#define PACKAGE_TARNAME "cpuminer-opt"
#define PACKAGE_VERSION "3.8.8.5-cpu-pool"
#define PACKAGE_STRING "cpuminer-opt 3.8.8.5-cpu-pool"
#define PACKAGE_BUGREPORT ""
#define PACKAGE_URL ""
#define PACKAGE "cpuminer-opt"
#define VERSION "3.8.8.5-cpu-pool"
#define STDC_HEADERS 1
#define HAVE_SYS_TYPES_H 1
#define HAVE_SYS_STAT_H 1
#define HAVE_STDLIB_H 1
#define HAVE_STRING_H 1
#define HAVE_MEMORY_H 1
#define HAVE_STRINGS_H 1
#define HAVE_INTTYPES_H 1
#define HAVE_STDINT_H 1
#define HAVE_UNISTD_H 1
#define HAVE_SYS_PARAM_H 1
#define HAVE_DECL_BE32DEC 0
#define HAVE_DECL_LE32DEC 0
#define HAVE_DECL_BE32ENC 0
#define HAVE_DECL_LE32ENC 0
#define HAVE_DECL_LE16DEC 0
#define HAVE_DECL_LE16ENC 0
#define HAVE_ALLOCA 1
#define HAVE_GETOPT_LONG 1
#define USE_ASM 1
#define USE_AVX 1
#define USE_XOP 1
#define USE_AVX2 1
#define USE_INT128 1

configure: exit 0
